<?xml version="1.0" encoding="UTF-8"?>
<!-- Generated by org.testng.reporters.JUnitXMLReporter -->
<testsuite hostname="DESKTOP-KD72R9N" ignored="1" name="Default test" tests="2" failures="0" timestamp="2021-09-23T10:03:39 IST" time="0.064" errors="0">
  <testcase name="test2" time="0.006" classname="mvnPakage.mvntestNgClass"/>
  <testcase name="test1" time="0.003" classname="mvnPakage.mvntestNgClass"/>
  <testcase name="test3" time="0.0" classname="mvnPakage.mvntestNgClass">
    <ignored/>
  </testcase> <!-- test3 -->
</testsuite> <!-- Default test -->
