<?xml version="1.0" encoding="UTF-8"?>
<testng-results skipped="0" failed="0" ignored="1" total="3" passed="2">
  <reporter-output>
  </reporter-output>
  <suite name="Default suite" duration-ms="64" started-at="2021-09-23T10:03:38 IST" finished-at="2021-09-23T10:03:38 IST">
    <groups>
    </groups>
    <test name="Default test" duration-ms="64" started-at="2021-09-23T10:03:38 IST" finished-at="2021-09-23T10:03:38 IST">
      <class name="mvnPakage.mvntestNgClass">
        <test-method status="PASS" signature="beforeSuite()[pri:0, instance:mvnPakage.mvntestNgClass@9660f4e]" name="beforeSuite" is-config="true" duration-ms="18" started-at="2021-09-23T10:03:38 IST" finished-at="2021-09-23T10:03:38 IST">
          <reporter-output>
          </reporter-output>
        </test-method> <!-- beforeSuite -->
        <test-method status="PASS" signature="beforeTest()[pri:0, instance:mvnPakage.mvntestNgClass@9660f4e]" name="beforeTest" is-config="true" duration-ms="2" started-at="2021-09-23T10:03:38 IST" finished-at="2021-09-23T10:03:38 IST">
          <reporter-output>
          </reporter-output>
        </test-method> <!-- beforeTest -->
        <test-method status="PASS" signature="beforeClass()[pri:0, instance:mvnPakage.mvntestNgClass@9660f4e]" name="beforeClass" is-config="true" duration-ms="0" started-at="2021-09-23T10:03:38 IST" finished-at="2021-09-23T10:03:38 IST">
          <reporter-output>
          </reporter-output>
        </test-method> <!-- beforeClass -->
        <test-method status="PASS" signature="beforeMethod()[pri:0, instance:mvnPakage.mvntestNgClass@9660f4e]" name="beforeMethod" is-config="true" duration-ms="0" started-at="2021-09-23T10:03:38 IST" finished-at="2021-09-23T10:03:38 IST">
          <reporter-output>
          </reporter-output>
        </test-method> <!-- beforeMethod -->
        <test-method status="PASS" signature="test2()[pri:1, instance:mvnPakage.mvntestNgClass@9660f4e]" name="test2" duration-ms="6" started-at="2021-09-23T10:03:38 IST" finished-at="2021-09-23T10:03:38 IST">
          <reporter-output>
          </reporter-output>
        </test-method> <!-- test2 -->
        <test-method status="PASS" signature="afterMethod()[pri:0, instance:mvnPakage.mvntestNgClass@9660f4e]" name="afterMethod" is-config="true" duration-ms="1" started-at="2021-09-23T10:03:38 IST" finished-at="2021-09-23T10:03:38 IST">
          <reporter-output>
          </reporter-output>
        </test-method> <!-- afterMethod -->
        <test-method status="PASS" signature="beforeMethod()[pri:0, instance:mvnPakage.mvntestNgClass@9660f4e]" name="beforeMethod" is-config="true" duration-ms="1" started-at="2021-09-23T10:03:38 IST" finished-at="2021-09-23T10:03:38 IST">
          <reporter-output>
          </reporter-output>
        </test-method> <!-- beforeMethod -->
        <test-method status="PASS" signature="test1()[pri:2, instance:mvnPakage.mvntestNgClass@9660f4e]" name="test1" duration-ms="3" started-at="2021-09-23T10:03:38 IST" finished-at="2021-09-23T10:03:38 IST">
          <reporter-output>
          </reporter-output>
        </test-method> <!-- test1 -->
        <test-method status="PASS" signature="afterMethod()[pri:0, instance:mvnPakage.mvntestNgClass@9660f4e]" name="afterMethod" is-config="true" duration-ms="2" started-at="2021-09-23T10:03:38 IST" finished-at="2021-09-23T10:03:38 IST">
          <reporter-output>
          </reporter-output>
        </test-method> <!-- afterMethod -->
        <test-method status="PASS" signature="afterClass()[pri:0, instance:mvnPakage.mvntestNgClass@9660f4e]" name="afterClass" is-config="true" duration-ms="1" started-at="2021-09-23T10:03:38 IST" finished-at="2021-09-23T10:03:38 IST">
          <reporter-output>
          </reporter-output>
        </test-method> <!-- afterClass -->
        <test-method status="PASS" signature="afterTest()[pri:0, instance:mvnPakage.mvntestNgClass@9660f4e]" name="afterTest" is-config="true" duration-ms="0" started-at="2021-09-23T10:03:38 IST" finished-at="2021-09-23T10:03:38 IST">
          <reporter-output>
          </reporter-output>
        </test-method> <!-- afterTest -->
        <test-method status="PASS" signature="afterSuite()[pri:0, instance:mvnPakage.mvntestNgClass@9660f4e]" name="afterSuite" is-config="true" duration-ms="0" started-at="2021-09-23T10:03:39 IST" finished-at="2021-09-23T10:03:39 IST">
          <reporter-output>
          </reporter-output>
        </test-method> <!-- afterSuite -->
      </class> <!-- mvnPakage.mvntestNgClass -->
    </test> <!-- Default test -->
  </suite> <!-- Default suite -->
</testng-results>
